

# mid section texture
10112	DINGBAT CIRCLED SANS-SERIF DIGIT ONE	➀
10113	DINGBAT CIRCLED SANS-SERIF DIGIT TWO	➁
10114	DINGBAT CIRCLED SANS-SERIF DIGIT THREE	➂
10115	DINGBAT CIRCLED SANS-SERIF DIGIT FOUR	➃
10116	DINGBAT CIRCLED SANS-SERIF DIGIT FIVE	➄
10117	DINGBAT CIRCLED SANS-SERIF DIGIT SIX	➅
10118	DINGBAT CIRCLED SANS-SERIF DIGIT SEVEN	➆
10119	DINGBAT CIRCLED SANS-SERIF DIGIT EIGHT	➇
10120	DINGBAT CIRCLED SANS-SERIF DIGIT NINE	➈
10121	DINGBAT CIRCLED SANS-SERIF NUMBER TEN	➉
9322	CIRCLED NUMBER ELEVEN	⑪
9323	CIRCLED NUMBER TWELVE	⑫
9324	CIRCLED NUMBER THIRTEEN	⑬
9325	CIRCLED NUMBER FOURTEEN	⑭
9326	CIRCLED NUMBER FIFTEEN	⑮
9327	CIRCLED NUMBER SIXTEEN	⑯
9328	CIRCLED NUMBER SEVENTEEN	⑰
9329	CIRCLED NUMBER EIGHTEEN	⑱
9330	CIRCLED NUMBER NINETEEN	⑲
9331	CIRCLED NUMBER TWENTY	⑳
# 0 is used for bottom texture
9450	CIRCLED DIGIT ZERO	⓪ 

##
# text icons
##

# a prod_efficiency
9424	CIRCLED LATIN SMALL LETTER A	ⓐ

# b stability stability_texticon
9425	CIRCLED LATIN SMALL LETTER B	ⓑ

# c Draw cards(plus sign & card)
9426	CIRCLED LATIN SMALL LETTER C	ⓒ

# d  Debt(arrow up & coin)
9427	CIRCLED LATIN SMALL LETTER D	ⓓ

# e Stab up(arrow up & dove)
9428	CIRCLED LATIN SMALL LETTER E	ⓔ

# f Investment(arrow up & bag)
9429	CIRCLED LATIN SMALL LETTER F	ⓕ

# g Investment(arrow up & bag)
9430	CIRCLED LATIN SMALL LETTER G	ⓖ

# h Investment alt.(bag of money)
9431	CIRCLED LATIN SMALL LETTER H	ⓗ


# reserved
9432	CIRCLED LATIN SMALL LETTER I	ⓘ
9433	CIRCLED LATIN SMALL LETTER J	ⓙ
9434	CIRCLED LATIN SMALL LETTER K	ⓚ
9435	CIRCLED LATIN SMALL LETTER L	ⓛ
9436	CIRCLED LATIN SMALL LETTER M	ⓜ
9437	CIRCLED LATIN SMALL LETTER N	ⓝ
9438	CIRCLED LATIN SMALL LETTER O	ⓞ
9439	CIRCLED LATIN SMALL LETTER P	ⓟ
9440	CIRCLED LATIN SMALL LETTER Q	ⓠ
9441	CIRCLED LATIN SMALL LETTER R	ⓡ
9442	CIRCLED LATIN SMALL LETTER S	ⓢ
9443	CIRCLED LATIN SMALL LETTER T	ⓣ
9444	CIRCLED LATIN SMALL LETTER U	ⓤ
9445	CIRCLED LATIN SMALL LETTER V	ⓥ
9446	CIRCLED LATIN SMALL LETTER W	ⓦ
9447	CIRCLED LATIN SMALL LETTER X	ⓧ
9448	CIRCLED LATIN SMALL LETTER Y	ⓨ
9449	CIRCLED LATIN SMALL LETTER Z	ⓩ
